<?xml version="1.0" encoding="UTF-8"?>
<!-- Generated by org.testng.reporters.JUnitXMLReporter -->
<testsuite hostname="DESKTOP-V7RVS5N" ignored="0" name="Default test" tests="3" failures="0" timestamp="2021-02-11T11:22:36 IST" time="0.072" errors="0">
  <testcase name="firsttest" time="0.01" classname="Pkg.git_jenkins.GIT_Jenkins_DemoTest"/>
  <testcase name="secondtest" time="0.002" classname="Pkg.git_jenkins.GIT_Jenkins_DemoTest"/>
  <testcase name="thirdtest" time="0.003" classname="Pkg.git_jenkins.GIT_Jenkins_DemoTest"/>
</testsuite> <!-- Default test -->
