<?xml version="1.0" encoding="UTF-8"?>
<testng-results skipped="0" failed="0" ignored="0" total="3" passed="3">
  <reporter-output>
  </reporter-output>
  <suite name="Default suite" duration-ms="72" started-at="2021-02-11T11:22:36 IST" finished-at="2021-02-11T11:22:36 IST">
    <groups>
    </groups>
    <test name="Default test" duration-ms="72" started-at="2021-02-11T11:22:36 IST" finished-at="2021-02-11T11:22:36 IST">
      <class name="Pkg.git_jenkins.GIT_Jenkins_DemoTest">
        <test-method status="PASS" signature="firsttest()[pri:0, instance:Pkg.git_jenkins.GIT_Jenkins_DemoTest@5c5a1b69]" name="firsttest" duration-ms="10" started-at="2021-02-11T11:22:36 IST" finished-at="2021-02-11T11:22:36 IST">
          <reporter-output>
          </reporter-output>
        </test-method> <!-- firsttest -->
        <test-method status="PASS" signature="secondtest()[pri:0, instance:Pkg.git_jenkins.GIT_Jenkins_DemoTest@5c5a1b69]" name="secondtest" duration-ms="2" started-at="2021-02-11T11:22:36 IST" finished-at="2021-02-11T11:22:36 IST">
          <reporter-output>
          </reporter-output>
        </test-method> <!-- secondtest -->
        <test-method status="PASS" signature="thirdtest()[pri:0, instance:Pkg.git_jenkins.GIT_Jenkins_DemoTest@5c5a1b69]" name="thirdtest" duration-ms="3" started-at="2021-02-11T11:22:36 IST" finished-at="2021-02-11T11:22:36 IST">
          <reporter-output>
          </reporter-output>
        </test-method> <!-- thirdtest -->
      </class> <!-- Pkg.git_jenkins.GIT_Jenkins_DemoTest -->
    </test> <!-- Default test -->
  </suite> <!-- Default suite -->
</testng-results>
